<?xml version="1.0" encoding="UTF-8"?>
<TestRun id="d8b8b52e-6ba9-4643-b3c1-feea78fc2c05" name="Robert Schultz@SCHULTZWIN01 2011-03-10 23:54:03" runUser="SCHULTZWIN01\Robert Schultz" xmlns="http://microsoft.com/schemas/VisualStudio/TeamTest/2010">
  <TestSettings name="Trace and Test Impact" id="07a607dc-2bdd-4434-9272-e4a279b071f4">
    <Description>These are test settings for Trace and Test Impact.</Description>
    <Execution>
      <TestTypeSpecific />
      <AgentRule name="Execution Agents">
        <DataCollectors>
          <DataCollector uri="datacollector://microsoft/SystemInfo/1.0" assemblyQualifiedName="Microsoft.VisualStudio.TestTools.DataCollection.SystemInfo.SystemInfoDataCollector, Microsoft.VisualStudio.TestTools.DataCollection.SystemInfo, Version=10.0.0.0, Culture=neutral, PublicKeyToken=b03f5f7f11d50a3a" friendlyName="System Information">
          </DataCollector>
          <DataCollector uri="datacollector://microsoft/ActionLog/1.0" assemblyQualifiedName="Microsoft.VisualStudio.TestTools.ManualTest.ActionLog.ActionLogPlugin, Microsoft.VisualStudio.TestTools.ManualTest.ActionLog, Version=10.0.0.0, Culture=neutral, PublicKeyToken=b03f5f7f11d50a3a" friendlyName="Actions">
          </DataCollector>
          <DataCollector uri="datacollector://microsoft/HttpProxy/1.0" assemblyQualifiedName="Microsoft.VisualStudio.TraceCollector.HttpProxyCollector, Microsoft.VisualStudio.TraceCollector, Version=10.0.0.0, Culture=neutral, PublicKeyToken=b03f5f7f11d50a3a" friendlyName="ASP.NET Client Proxy for IntelliTrace and Test Impact">
          </DataCollector>
          <DataCollector uri="datacollector://microsoft/TestImpact/1.0" assemblyQualifiedName="Microsoft.VisualStudio.TraceCollector.TestImpactDataCollector, Microsoft.VisualStudio.TraceCollector, Version=10.0.0.0, Culture=neutral, PublicKeyToken=b03f5f7f11d50a3a" friendlyName="Test Impact">
          </DataCollector>
          <DataCollector uri="datacollector://microsoft/TraceDebugger/1.0" assemblyQualifiedName="Microsoft.VisualStudio.TraceCollector.TraceDebuggerDataCollector, Microsoft.VisualStudio.TraceCollector, Version=10.0.0.0, Culture=neutral, PublicKeyToken=b03f5f7f11d50a3a" friendlyName="IntelliTrace">
          </DataCollector>
        </DataCollectors>
      </AgentRule>
    </Execution>
    <Deployment runDeploymentRoot="Robert Schultz_SCHULTZWIN01 2011-03-10 23_54_03" />
  </TestSettings>
  <Times creation="2011-03-10T23:54:03.1934582-08:00" queuing="2011-03-10T23:54:03.2644623-08:00" start="2011-03-10T23:54:10.4188715-08:00" finish="2011-03-10T23:54:44.0817969-08:00" />
  <ResultSummary outcome="Failed">
    <Counters total="1" executed="1" error="0" failed="1" timeout="0" aborted="0" inconclusive="0" passedButRunAborted="0" notRunnable="0" notExecuted="0" disconnected="0" warning="0" passed="0" completed="0" inProgress="0" pending="0" />
    <CollectorDataEntries>
      <Collector agentName="SCHULTZWIN01" uri="datacollector://microsoft/SystemInfo/1.0" collectorDisplayName="System Information">
        <UriAttachments>
          <UriAttachment>
            <A href="SCHULTZWIN01\SystemInformation.xml">System Information from SCHULTZWIN01</A>
          </UriAttachment>
        </UriAttachments>
      </Collector>
    </CollectorDataEntries>
  </ResultSummary>
  <TestDefinitions>
    <UnitTest name="CodedUITestMethod1" storage="c:\development\mongrala\mongrala.web.frontend.integrationtests\bin\debug\mongrala.web.frontend.integrationtests.dll" id="274a4bb6-037a-d4f0-ae29-4740ad50bd6e">
      <Execution id="d1ceaff3-9e61-48e4-9778-cd14e7722e13" />
      <TestMethod codeBase="C:/Development/Mongrala/Mongrala.Web.Frontend.IntegrationTests/bin/Debug/Mongrala.Web.Frontend.IntegrationTests.DLL" adapterTypeName="Microsoft.VisualStudio.TestTools.TestTypes.Unit.UnitTestAdapter, Microsoft.VisualStudio.QualityTools.Tips.UnitTest.Adapter, Version=10.0.0.0, Culture=neutral, PublicKeyToken=b03f5f7f11d50a3a" className="Mongrala.Web.Frontend.IntegrationTests.CodedUITest1, Mongrala.Web.Frontend.IntegrationTests, Version=1.0.0.0, Culture=neutral, PublicKeyToken=null" name="CodedUITestMethod1" />
      <Extension>Microsoft.VisualStudio.TestTools.UITesting.CodedUITestAttribute, Microsoft.VisualStudio.QualityTools.CodedUITestFramework, Version=10.0.0.0, Culture=neutral, PublicKeyToken=b03f5f7f11d50a3a</Extension>
    </UnitTest>
  </TestDefinitions>
  <TestLists>
    <TestList name="Results Not in a List" id="8c84fa94-04c1-424b-9868-57a2d4851a1d" />
    <TestList name="All Loaded Results" id="19431567-8539-422a-85d7-44ee4e166bda" />
  </TestLists>
  <TestEntries>
    <TestEntry testId="274a4bb6-037a-d4f0-ae29-4740ad50bd6e" executionId="d1ceaff3-9e61-48e4-9778-cd14e7722e13" testListId="8c84fa94-04c1-424b-9868-57a2d4851a1d" />
  </TestEntries>
  <Results>
    <UnitTestResult executionId="d1ceaff3-9e61-48e4-9778-cd14e7722e13" testId="274a4bb6-037a-d4f0-ae29-4740ad50bd6e" testName="CodedUITestMethod1" computerName="SCHULTZWIN01" duration="00:00:25.1993750" startTime="2011-03-10T23:54:10.6558850-08:00" endTime="2011-03-10T23:54:39.4295308-08:00" testType="13cdc9d9-ddb5-4fa4-a97d-d965ccfc6d4b" outcome="Failed" testListId="8c84fa94-04c1-424b-9868-57a2d4851a1d" relativeResultsDirectory="d1ceaff3-9e61-48e4-9778-cd14e7722e13">
      <Output>
        <DebugTrace>W, 4336, 14, 2011/03/10, 23:54:14.387, 9047821811, QTAgent32.exe, Playback - [WARNING] Internal warning: Window Not Found: [VisibleOnly]ControlType='Window' &amp;&amp; Name='Priority Inbox (2) - robert.j.schultz@gmail.com - Gmail - Google Chrome' &amp;&amp; ClassName='Chrome_WidgetWin_0'
\0
E, 4336, 14, 2011/03/10, 23:54:14.412, 9047879610, QTAgent32.exe, &lt;a class=failure&gt;Playback - {1} [FAILED] Function ElementFetcher::FindScreenElement failed to locate UI element (Searching: ;[VisibleOnly]ControlType='Window' &amp;&amp; Name='Priority Inbox (2) - robert.j.schultz@gmail.com - Gmail - Google Chrome' &amp;&amp; ClassName='Chrome_WidgetWin_0') (The object specified was not found.)
\0&lt;/a&gt;
E, 4336, 14, 2011/03/10, 23:54:14.512, 9048115199, QTAgent32.exe, Playback - [IMAGE] C:\Users\Robert Schultz\AppData\Local\Temp\UITestLogs\LastRun\RPFBA4.png
\0
W, 4336, 14, 2011/03/10, 23:54:14.513, 9048115652, QTAgent32.exe, Playback - [WARNING] Internal warning: Couldn't find descendants that match QueryId
\0
W, 4336, 14, 2011/03/10, 23:54:14.534, 9048165767, QTAgent32.exe, PERF WARNING: FindTopLevelWindowHelper::FindAllDescendents: took 2136 ms. Expected it to take maximum 500 ms.
W, 4336, 14, 2011/03/10, 23:54:32.561, 9090312640, QTAgent32.exe, Playback - [WARNING] Internal warning: Window Not Found: [VisibleOnly]ControlType='Window' &amp;&amp; Name='Priority Inbox (2) - robert.j.schultz@gmail.com - Gmail - Google Chrome' &amp;&amp; ClassName='Chrome_WidgetWin_0'
\0
E, 4336, 14, 2011/03/10, 23:54:32.561, 9090313521, QTAgent32.exe, &lt;a class=failure&gt;Playback - {2} [FAILED] Function ElementFetcher::FindScreenElement failed to locate UI element (Searching: ;[VisibleOnly]ControlType='Window' &amp;&amp; Name='Priority Inbox (2) - robert.j.schultz@gmail.com - Gmail - Google Chrome' &amp;&amp; ClassName='Chrome_WidgetWin_0') (The object specified was not found.)
\0&lt;/a&gt;
E, 4336, 14, 2011/03/10, 23:54:32.677, 9090584435, QTAgent32.exe, Playback - [IMAGE] C:\Users\Robert Schultz\AppData\Local\Temp\UITestLogs\LastRun\RPF5284.png
\0
W, 4336, 14, 2011/03/10, 23:54:32.677, 9090584881, QTAgent32.exe, Playback - [WARNING] Internal warning: Couldn't find descendants that match QueryId
\0
W, 4336, 14, 2011/03/10, 23:54:32.678, 9090585975, QTAgent32.exe, PERF WARNING: FindTopLevelWindowHelper::FindAllDescendents: took 18135 ms. Expected it to take maximum 500 ms.
W, 4336, 14, 2011/03/10, 23:54:33.465, 9092426792, QTAgent32.exe, Playback - [WARNING] Internal warning: Smart Match failed
\0
W, 4336, 14, 2011/03/10, 23:54:34.488, 9094818347, QTAgent32.exe, Playback - [WARNING] Internal warning: Smart Match failed
\0
W, 4336, 14, 2011/03/10, 23:54:35.326, 9096777843, QTAgent32.exe, Playback - [WARNING] Internal warning: Smart Match failed
\0
W, 4336, 14, 2011/03/10, 23:54:35.830, 9097956120, QTAgent32.exe, Playback - [WARNING] Internal warning: Window Not Found: [VisibleOnly]ControlType='Window' &amp;&amp; Name='Priority Inbox (2) - robert.j.schultz@gmail.com - Gmail - Google Chrome' &amp;&amp; ClassName='Chrome_WidgetWin_0'
\0
E, 4336, 14, 2011/03/10, 23:54:35.830, 9097956961, QTAgent32.exe, &lt;a class=failure&gt;Playback - {3} [FAILED] Function ElementFetcher::FindScreenElement failed to locate UI element (Searching: ;[VisibleOnly]ControlType='Window' &amp;&amp; Name='Priority Inbox (2) - robert.j.schultz@gmail.com - Gmail - Google Chrome' &amp;&amp; ClassName='Chrome_WidgetWin_0') (The object specified was not found.)
\0&lt;/a&gt;
E, 4336, 14, 2011/03/10, 23:54:35.937, 9098206920, QTAgent32.exe, Playback - [IMAGE] C:\Users\Robert Schultz\AppData\Local\Temp\UITestLogs\LastRun\RPF5F51.png
\0
W, 4336, 14, 2011/03/10, 23:54:35.937, 9098207367, QTAgent32.exe, Playback - [WARNING] Internal warning: Couldn't find descendants that match QueryId
\0
W, 4336, 14, 2011/03/10, 23:54:35.938, 9098208424, QTAgent32.exe, PERF WARNING: FindTopLevelWindowHelper::FindAllDescendents: took 3259 ms. Expected it to take maximum 500 ms.
E, 4336, 14, 2011/03/10, 23:54:35.939, 9098211212, QTAgent32.exe, Exception: System.Runtime.InteropServices.COMException
	Message: Error HRESULT E_FAIL has been returned from a call to a COM component.
	Stack Trace:    at Microsoft.VisualStudio.TestTools.UITest.Playback.Engine.IRPFPlayback.FindAllScreenElements(IScreenElement pScreenElementStart, String bstrQueryId, Object&amp; pvarResKeys, Int32 cResKeys, Int32 nMaxDepth, Object[]&amp; foundDescendants)
   at Microsoft.VisualStudio.TestTools.UITest.Playback.ScreenElement.FindTopLevelWindowHelper(String queryId)
	BaseExceptionMessage: Error HRESULT E_FAIL has been returned from a call to a COM component.

E, 4336, 14, 2011/03/10, 23:54:36.291, 9099035412, QTAgent32.exe, AL: Playback Error: Microsoft.VisualStudio.TestTools.UITest.Extension.UITestControlNotFoundException: The playback failed to find the control with the given search properties. Additional Details: 
TechnologyName:  'MSAA'
ControlType:  'Window'
Name:  'Priority Inbox (2) - robert.j.schultz@gmail.com - Gmail - Google Chrome'
ClassName:  'Chrome_WidgetWin_0'
 ---&gt; System.Runtime.InteropServices.COMException: Error HRESULT E_FAIL has been returned from a call to a COM component.
   at Microsoft.VisualStudio.TestTools.UITest.Playback.Engine.IRPFPlayback.FindAllScreenElements(IScreenElement pScreenElementStart, String bstrQueryId, Object&amp; pvarResKeys, Int32 cResKeys, Int32 nMaxDepth, Object[]&amp; foundDescendants)
   at Microsoft.VisualStudio.TestTools.UITest.Playback.ScreenElement.FindTopLevelWindowHelper(String queryId)
   at Microsoft.VisualStudio.TestTools.UITest.Playback.ScreenElement.FindFromPartialQueryId(String queryId)
   at Microsoft.VisualStudio.TestTools.UITesting.UITestControl..ctor(String queryId)
   --- End of inner exception stack trace ---
   at Microsoft.VisualStudio.TestTools.UITesting.Playback.MapControlNotFoundException(COMException ex, IPlaybackContext context)
   at Microsoft.VisualStudio.TestTools.UITesting.Playback.MapAndThrowComException(COMException innerException, IPlaybackContext context)
   at Microsoft.VisualStudio.TestTools.UITesting.Playback.MapAndThrowException(SystemException exception, IPlaybackContext context)
   at Microsoft.VisualStudio.TestTools.UITesting.Playback.MapAndThrowException(SystemException exception, String queryId)
   at Microsoft.VisualStudio.TestTools.UITesting.UITestControl..ctor(String queryId)
   at Microsoft.VisualStudio.TestTools.UITesting.UITestControl.FromQueryId(String queryId)
   at Microsoft.VisualStudio.TestTools.UITesting.SearchHelper.SearchTopLevelWindow(ISearchArgument topLevelSearchArg, String topLevelElementQueryId)
   at Microsoft.VisualStudio.TestTools.UITesting.SearchHelper.GetTitleUpdatedTopLevelWindow(ISearchArgument topLevelSearchArg, String queryId, IList`1 windowTitles)
   at Microsoft.VisualStudio.TestTools.UITesting.SearchHelper.GetTopLevelElement(Boolean useCache, Boolean useCacheOnly, ISearchArgument searchArg, IList`1 windowTitles, Int32&amp; timeLeft)
   at Microsoft.VisualStudio.TestTools.UITesting.SearchHelper.GetElement(Boolean useCache, ISearchArgument searchArg)
   at Microsoft.VisualStudio.TestTools.UITesting.SearchHelper.Search(ISearchArgument searchArg)
   at Microsoft.VisualStudio.TestTools.UITesting.UITestControl.FindInternal()
   at Microsoft.VisualStudio.TestTools.UITesting.UITestControl.FindControlIfNecessary()
   at Microsoft.VisualStudio.TestTools.UITesting.UITestControl.Click(MouseButtons button, ModifierKeys modifierKeys, Point relativeCoordinates)
   at Microsoft.VisualStudio.TestTools.UITesting.Mouse.ClickImplementation(UITestControl control, MouseButtons button, ModifierKeys modifierKeys, Point relativeCoordinate)
   at Microsoft.VisualStudio.TestTools.UITesting.Mouse.ClickImplementationWrapper(UITestControl control, MouseButtons button, ModifierKeys modifierKeys, Point relativeCoordinate)
W, 4336, 14, 2011/03/10, 23:54:36.491, 9099501904, QTAgent32.exe, IEDOM : StopSession of the plugin called before StartSession
W, 4336, 14, 2011/03/10, 23:54:36.491, 9099502272, QTAgent32.exe, UIA : StopSession of the plugin called before StartSession
</DebugTrace>
        <ErrorInfo>
          <Message>Test method Mongrala.Web.Frontend.IntegrationTests.CodedUITest1.CodedUITestMethod1 threw exception: 
Microsoft.VisualStudio.TestTools.UITest.Extension.UITestControlNotFoundException: The playback failed to find the control with the given search properties. Additional Details: 
TechnologyName:  'MSAA'
ControlType:  'Window'
Name:  'Priority Inbox (2) - robert.j.schultz@gmail.com - Gmail - Google Chrome'
ClassName:  'Chrome_WidgetWin_0'
 ---&gt; System.Runtime.InteropServices.COMException: Error HRESULT E_FAIL has been returned from a call to a COM component.</Message>
          <StackTrace>    at Microsoft.VisualStudio.TestTools.UITest.Playback.Engine.IRPFPlayback.FindAllScreenElements(IScreenElement pScreenElementStart, String bstrQueryId, Object&amp; pvarResKeys, Int32 cResKeys, Int32 nMaxDepth, Object[]&amp; foundDescendants)
   at Microsoft.VisualStudio.TestTools.UITest.Playback.ScreenElement.FindTopLevelWindowHelper(String queryId)
   at Microsoft.VisualStudio.TestTools.UITest.Playback.ScreenElement.FindFromPartialQueryId(String queryId)
   at Microsoft.VisualStudio.TestTools.UITesting.UITestControl..ctor(String queryId)
 --- End of inner exception stack trace ---
    at Microsoft.VisualStudio.TestTools.UITesting.Playback.MapControlNotFoundException(COMException ex, IPlaybackContext context)
   at Microsoft.VisualStudio.TestTools.UITesting.Playback.MapAndThrowComException(COMException innerException, IPlaybackContext context)
   at Microsoft.VisualStudio.TestTools.UITesting.Playback.MapAndThrowException(SystemException exception, IPlaybackContext context)
   at Microsoft.VisualStudio.TestTools.UITesting.Playback.MapAndThrowException(SystemException exception, String queryId)
   at Microsoft.VisualStudio.TestTools.UITesting.UITestControl..ctor(String queryId)
   at Microsoft.VisualStudio.TestTools.UITesting.UITestControl.FromQueryId(String queryId)
   at Microsoft.VisualStudio.TestTools.UITesting.SearchHelper.SearchTopLevelWindow(ISearchArgument topLevelSearchArg, String topLevelElementQueryId)
   at Microsoft.VisualStudio.TestTools.UITesting.SearchHelper.GetTitleUpdatedTopLevelWindow(ISearchArgument topLevelSearchArg, String queryId, IList`1 windowTitles)
   at Microsoft.VisualStudio.TestTools.UITesting.SearchHelper.GetTopLevelElement(Boolean useCache, Boolean useCacheOnly, ISearchArgument searchArg, IList`1 windowTitles, Int32&amp; timeLeft)
   at Microsoft.VisualStudio.TestTools.UITesting.SearchHelper.GetElement(Boolean useCache, ISearchArgument searchArg)
   at Microsoft.VisualStudio.TestTools.UITesting.SearchHelper.Search(ISearchArgument searchArg)
   at Microsoft.VisualStudio.TestTools.UITesting.UITestControl.FindInternal()
   at Microsoft.VisualStudio.TestTools.UITesting.UITestControl.FindControlIfNecessary()
   at Microsoft.VisualStudio.TestTools.UITesting.UITestControl.Click(MouseButtons button, ModifierKeys modifierKeys, Point relativeCoordinates)
   at Microsoft.VisualStudio.TestTools.UITesting.Mouse.ClickImplementation(UITestControl control, MouseButtons button, ModifierKeys modifierKeys, Point relativeCoordinate)
   at Microsoft.VisualStudio.TestTools.UITesting.Mouse.ClickImplementationWrapper(UITestControl control, MouseButtons button, ModifierKeys modifierKeys, Point relativeCoordinate)
   at Microsoft.VisualStudio.TestTools.UITesting.Mouse.Click(UITestControl control, Point relativeCoordinate)
   at Mongrala.Web.Frontend.IntegrationTests.UIMap.RecordedMethod1() in C:\Development\Mongrala\Mongrala.Web.Frontend.IntegrationTests\UIMap.Designer.cs:line 43
   at Mongrala.Web.Frontend.IntegrationTests.CodedUITest1.CodedUITestMethod1() in C:\Development\Mongrala\Mongrala.Web.Frontend.IntegrationTests\CodedUITest1.cs:line 30
</StackTrace>
        </ErrorInfo>
      </Output>
      <ResultFiles>
        <ResultFile path="SCHULTZWIN01\CodedUITestMethod1.png" />
      </ResultFiles>
      <CollectorDataEntries>
        <Collector agentName="SCHULTZWIN01" uri="datacollector://microsoft/SystemInfo/1.0" collectorDisplayName="System Information">
          <UriAttachments>
            <UriAttachment>
              <A href="SCHULTZWIN01\SystemInformation.xml">System Information from SCHULTZWIN01</A>
            </UriAttachment>
          </UriAttachments>
        </Collector>
        <Collector agentName="SCHULTZWIN01" uri="datacollector://microsoft/TraceDebugger/1.0" collectorDisplayName="IntelliTrace">
          <UriAttachments>
            <UriAttachment>
              <A href="SCHULTZWIN01\QTAgent32_110310_235436538_4336.iTrace">IntelliTrace file for 'QTAgent32.exe' (4336)</A>
            </UriAttachment>
          </UriAttachments>
        </Collector>
      </CollectorDataEntries>
      <ExtensionResult>Exception has been thrown by the target of an invocation.</ExtensionResult>
    </UnitTestResult>
  </Results>
</TestRun>